2019-07-21 14:13:55.122  INFO 5559 --- [main] b.zciok.springboot.restful.Application   : Starting Application on zbyszek-lenovo with PID 5559 (/home/zbyszek/military-equipment/github-distribution/spring-boot-vuejs/backend/target/classes started by zbyszek in /home/zbyszek/military-equipment/github-distribution/spring-boot-vuejs/backend)
2019-07-21 14:13:55.125  INFO 5559 --- [main] b.zciok.springboot.restful.Application   : No active profile set, falling back to default profiles: default
2019-07-21 14:13:55.657  INFO 5559 --- [main] .s.d.r.c.RepositoryConfigurationDelegate : Bootstrapping Spring Data repositories in DEFAULT mode.
2019-07-21 14:13:55.718  INFO 5559 --- [main] .s.d.r.c.RepositoryConfigurationDelegate : Finished Spring Data repository scanning in 54ms. Found 1 repository interfaces.
2019-07-21 14:13:56.018  INFO 5559 --- [main] trationDelegate$BeanPostProcessorChecker : Bean 'org.springframework.transaction.annotation.ProxyTransactionManagementConfiguration' of type [org.springframework.transaction.annotation.ProxyTransactionManagementConfiguration$$EnhancerBySpringCGLIB$$32fddbf4] is not eligible for getting processed by all BeanPostProcessors (for example: not eligible for auto-proxying)
2019-07-21 14:13:56.388  INFO 5559 --- [main] o.s.b.w.embedded.tomcat.TomcatWebServer  : Tomcat initialized with port(s): 8080 (http)
2019-07-21 14:13:56.418  INFO 5559 --- [main] o.apache.catalina.core.StandardService   : Starting service [Tomcat]
2019-07-21 14:13:56.418  INFO 5559 --- [main] org.apache.catalina.core.StandardEngine  : Starting Servlet Engine: Apache Tomcat/9.0.13
2019-07-21 14:13:56.428  INFO 5559 --- [main] o.a.catalina.core.AprLifecycleListener   : The APR based Apache Tomcat Native library which allows optimal performance in production environments was not found on the java.library.path: [/usr/java/packages/lib/amd64:/usr/lib/x86_64-linux-gnu/jni:/lib/x86_64-linux-gnu:/usr/lib/x86_64-linux-gnu:/usr/lib/jni:/lib:/usr/lib]
2019-07-21 14:13:56.496  INFO 5559 --- [main] o.a.c.c.C.[Tomcat].[localhost].[/]       : Initializing Spring embedded WebApplicationContext
2019-07-21 14:13:56.496  INFO 5559 --- [main] o.s.web.context.ContextLoader            : Root WebApplicationContext: initialization completed in 1336 ms
2019-07-21 14:13:56.654  INFO 5559 --- [main] com.zaxxer.hikari.HikariDataSource       : HikariPool-1 - Starting...
2019-07-21 14:13:56.864  INFO 5559 --- [main] com.zaxxer.hikari.HikariDataSource       : HikariPool-1 - Start completed.
2019-07-21 14:13:56.918  INFO 5559 --- [main] o.hibernate.jpa.internal.util.LogHelper  : HHH000204: Processing PersistenceUnitInfo [
	name: default
	...]
2019-07-21 14:13:57.195  INFO 5559 --- [main] org.hibernate.Version                    : HHH000412: Hibernate Core {5.3.7.Final}
2019-07-21 14:13:57.198  INFO 5559 --- [main] org.hibernate.cfg.Environment            : HHH000206: hibernate.properties not found
2019-07-21 14:13:57.348  INFO 5559 --- [main] o.hibernate.annotations.common.Version   : HCANN000001: Hibernate Commons Annotations {5.0.4.Final}
2019-07-21 14:13:57.477  INFO 5559 --- [main] org.hibernate.dialect.Dialect            : HHH000400: Using dialect: org.hibernate.dialect.H2Dialect
2019-07-21 14:13:58.033  INFO 5559 --- [main] j.LocalContainerEntityManagerFactoryBean : Initialized JPA EntityManagerFactory for persistence unit 'default'
2019-07-21 14:13:58.282  INFO 5559 --- [main] o.h.h.i.QueryTranslatorFactoryInitiator  : HHH000397: Using ASTQueryTranslatorFactory
2019-07-21 14:13:58.561  INFO 5559 --- [main] o.s.s.concurrent.ThreadPoolTaskExecutor  : Initializing ExecutorService 'applicationTaskExecutor'
2019-07-21 14:13:58.611  WARN 5559 --- [main] aWebConfiguration$JpaWebMvcConfiguration : spring.jpa.open-in-view is enabled by default. Therefore, database queries may be performed during view rendering. Explicitly configure spring.jpa.open-in-view to disable this warning
2019-07-21 14:13:58.814  WARN 5559 --- [main] o.s.b.a.f.FreeMarkerAutoConfiguration    : Cannot find template location(s): [classpath:/templates/] (please add some templates, check your FreeMarker configuration, or set spring.freemarker.checkTemplateLocation=false)
2019-07-21 14:13:58.925  INFO 5559 --- [main] o.s.b.w.embedded.tomcat.TomcatWebServer  : Tomcat started on port(s): 8080 (http) with context path ''
2019-07-21 14:13:58.928  INFO 5559 --- [main] b.zciok.springboot.restful.Application   : Started Application in 4.251 seconds (JVM running for 8.199)
